<?xml version="1.0" encoding="UTF-8"?>
<!-- Generated by org.testng.reporters.JUnitReportReporter -->
<testsuite skipped="0" hostname="DESKTOP-APBTOIM" name="com.amazon.qa.testcases.ProductTest" tests="2" failures="0" timestamp="02 Jul 2021 18:01:08 GMT" time="336.111" errors="0">
  <testcase name="validateTitle" time="130.824" classname="com.amazon.qa.testcases.ProductTest"/>
  <testcase name="proceedPayment" time="205.287" classname="com.amazon.qa.testcases.ProductTest"/>
</testsuite> <!-- com.amazon.qa.testcases.ProductTest -->
